<?xml version="1.0" encoding="UTF-8"?>
<!-- Generated by org.testng.reporters.JUnitReportReporter -->
<testsuite skipped="0" hostname="LAPTOP-20464U94" name="extentreportdemo.ExtentReport" tests="2" failures="0" timestamp="05 Mar 2019 17:07:47 GMT" time="2.247" errors="0">
  <testcase name="login" time="0.981" classname="extentreportdemo.ExtentReport"/>
  <testcase name="ticketpurchase" time="1.266" classname="extentreportdemo.ExtentReport"/>
</testsuite> <!-- extentreportdemo.ExtentReport -->
