<?xml version="1.0" encoding="UTF-8"?>
<!-- Generated by org.testng.reporters.JUnitReportReporter -->
<testsuite skipped="0" hostname="LAPTOP-20464U94" name="extentreportdemo.ExtentReportD" tests="1" failures="0" timestamp="26 Apr 2018 22:14:13 GMT" time="3.836" errors="0">
  <testcase name="login" time="3.836" classname="extentreportdemo.ExtentReportD"/>
</testsuite> <!-- extentreportdemo.ExtentReportD -->
