<?xml version="1.0" encoding="UTF-8"?>
<!-- Generated by org.testng.reporters.JUnitReportReporter -->
<testsuite skipped="0" hostname="LAPTOP-20464U94" name="extentreportdemo.TC001_VerifyLogin" tests="1" failures="0" timestamp="27 Mar 2021 15:57:29 GMT" time="2.449" errors="0">
  <testcase name="login" time="2.449" classname="extentreportdemo.TC001_VerifyLogin"/>
</testsuite> <!-- extentreportdemo.TC001_VerifyLogin -->
