<?xml version="1.0" encoding="UTF-8"?>
<!-- Generated by org.testng.reporters.JUnitReportReporter -->
<testsuite skipped="0" hostname="LAPTOP-20464U94" name="extentreportdemo.TC001_VerifyLogin" tests="1" failures="0" timestamp="19 Jun 2020 02:13:36 GMT" time="1.735" errors="0">
  <testcase name="login" time="1.735" classname="extentreportdemo.TC001_VerifyLogin"/>
</testsuite> <!-- extentreportdemo.TC001_VerifyLogin -->
